This is pdfTeX, Version 3.14159265-2.6-1.40.20 (TeX Live 2019/Debian) (preloaded format=pdflatex 2022.3.18)  21 MAR 2022 15:33
entering extended mode
 restricted \write18 enabled.
 %&-line parsing enabled.
**How_do_Organisms_Reproduce?.tex
(./How_do_Organisms_Reproduce?.tex
LaTeX2e <2020-02-02> patch level 2
L3 programming layer <2020-02-14>
(/usr/share/texlive/texmf-dist/tex/latex/base/article.cls
Document Class: article 2019/12/20 v1.4l Standard LaTeX document class
(/usr/share/texlive/texmf-dist/tex/latex/base/size10.clo
File: size10.clo 2019/12/20 v1.4l Standard LaTeX file (size option)
)
\c@part=\count167
\c@section=\count168
\c@subsection=\count169
\c@subsubsection=\count170
\c@paragraph=\count171
\c@subparagraph=\count172
\c@figure=\count173
\c@table=\count174
\abovecaptionskip=\skip47
\belowcaptionskip=\skip48
\bibindent=\dimen134
)
(/usr/share/texlive/texmf-dist/tex/latex/graphics/graphicx.sty
Package: graphicx 2019/11/30 v1.2a Enhanced LaTeX Graphics (DPC,SPQR)

(/usr/share/texlive/texmf-dist/tex/latex/graphics/keyval.sty
Package: keyval 2014/10/28 v1.15 key=value parser (DPC)
\KV@toks@=\toks14
)
(/usr/share/texlive/texmf-dist/tex/latex/graphics/graphics.sty
Package: graphics 2019/11/30 v1.4a Standard LaTeX Graphics (DPC,SPQR)

(/usr/share/texlive/texmf-dist/tex/latex/graphics/trig.sty
Package: trig 2016/01/03 v1.10 sin cos tan (DPC)
)
(/usr/share/texlive/texmf-dist/tex/latex/graphics-cfg/graphics.cfg
File: graphics.cfg 2016/06/04 v1.11 sample graphics configuration
)
Package graphics Info: Driver file: pdftex.def on input line 105.

(/usr/share/texlive/texmf-dist/tex/latex/graphics-def/pdftex.def
File: pdftex.def 2018/01/08 v1.0l Graphics/color driver for pdftex
))
\Gin@req@height=\dimen135
\Gin@req@width=\dimen136
)
(/usr/share/texlive/texmf-dist/tex/latex/dirtytalk/dirtytalk.sty
Package: dirtytalk 2010/11/21 A package making "quoting" easier

(/usr/share/texlive/texmf-dist/tex/latex/kvoptions/kvoptions.sty
Package: kvoptions 2019/11/29 v3.13 Key value format for package options (HO)

(/usr/share/texlive/texmf-dist/tex/generic/ltxcmds/ltxcmds.sty
Package: ltxcmds 2019/12/15 v1.24 LaTeX kernel commands for general use (HO)
)
(/usr/share/texlive/texmf-dist/tex/generic/kvsetkeys/kvsetkeys.sty
Package: kvsetkeys 2019/12/15 v1.18 Key value parser (HO)
))
(/usr/share/texlive/texmf-dist/tex/latex/base/ifthen.sty
Package: ifthen 2014/09/29 v1.1c Standard LaTeX ifthen package (DPC)
)
\c@dirtytalk@qdepth=\count175
)
(/usr/share/texlive/texmf-dist/tex/latex/xcolor/xcolor.sty
Package: xcolor 2016/05/11 v2.12 LaTeX color extensions (UK)

(/usr/share/texlive/texmf-dist/tex/latex/graphics-cfg/color.cfg
File: color.cfg 2016/01/02 v1.6 sample color configuration
)
Package xcolor Info: Driver file: pdftex.def on input line 225.
Package xcolor Info: Model `cmy' substituted by `cmy0' on input line 1348.
Package xcolor Info: Model `hsb' substituted by `rgb' on input line 1352.
Package xcolor Info: Model `RGB' extended on input line 1364.
Package xcolor Info: Model `HTML' substituted by `rgb' on input line 1366.
Package xcolor Info: Model `Hsb' substituted by `hsb' on input line 1367.
Package xcolor Info: Model `tHsb' substituted by `hsb' on input line 1368.
Package xcolor Info: Model `HSB' substituted by `hsb' on input line 1369.
Package xcolor Info: Model `Gray' substituted by `gray' on input line 1370.
Package xcolor Info: Model `wave' substituted by `hsb' on input line 1371.
)
(/usr/share/texlive/texmf-dist/tex/latex/l3backend/l3backend-pdfmode.def
File: l3backend-pdfmode.def 2020-02-03 L3 backend support: PDF mode
\l__kernel_color_stack_int=\count176
\l__pdf_internal_box=\box45
)

LaTeX Warning: Unused global option(s):
    [A4].

(./How_do_Organisms_Reproduce?.aux)
\openout1 = `How_do_Organisms_Reproduce?.aux'.

LaTeX Font Info:    Checking defaults for OML/cmm/m/it on input line 14.
LaTeX Font Info:    ... okay on input line 14.
LaTeX Font Info:    Checking defaults for OMS/cmsy/m/n on input line 14.
LaTeX Font Info:    ... okay on input line 14.
LaTeX Font Info:    Checking defaults for OT1/cmr/m/n on input line 14.
LaTeX Font Info:    ... okay on input line 14.
LaTeX Font Info:    Checking defaults for T1/cmr/m/n on input line 14.
LaTeX Font Info:    ... okay on input line 14.
LaTeX Font Info:    Checking defaults for TS1/cmr/m/n on input line 14.
LaTeX Font Info:    ... okay on input line 14.
LaTeX Font Info:    Checking defaults for OMX/cmex/m/n on input line 14.
LaTeX Font Info:    ... okay on input line 14.
LaTeX Font Info:    Checking defaults for U/cmr/m/n on input line 14.
LaTeX Font Info:    ... okay on input line 14.

(/usr/share/texlive/texmf-dist/tex/context/base/mkii/supp-pdf.mkii
[Loading MPS to PDF converter (version 2006.09.02).]
\scratchcounter=\count177
\scratchdimen=\dimen137
\scratchbox=\box46
\nofMPsegments=\count178
\nofMParguments=\count179
\everyMPshowfont=\toks15
\MPscratchCnt=\count180
\MPscratchDim=\dimen138
\MPnumerator=\count181
\makeMPintoPDFobject=\count182
\everyMPtoPDFconversion=\toks16
) (/usr/share/texlive/texmf-dist/tex/latex/epstopdf-pkg/epstopdf-base.sty
Package: epstopdf-base 2020-01-24 v2.11 Base part for package epstopdf
Package epstopdf-base Info: Redefining graphics rule for `.eps' on input line 4
85.

(/usr/share/texlive/texmf-dist/tex/latex/latexconfig/epstopdf-sys.cfg
File: epstopdf-sys.cfg 2010/07/13 v1.3 Configuration of (r)epstopdf for TeX Liv
e
))
LaTeX Font Info:    External font `cmex10' loaded for size
(Font)              <12> on input line 15.
LaTeX Font Info:    External font `cmex10' loaded for size
(Font)              <8> on input line 15.
LaTeX Font Info:    External font `cmex10' loaded for size
(Font)              <6> on input line 15.

(./How_do_Organisms_Reproduce?.toc)
\tf@toc=\write3
\openout3 = `How_do_Organisms_Reproduce?.toc'.

<./images/vsauce-eyes.jpg, id=1, 903.375pt x 903.375pt>
File: ./images/vsauce-eyes.jpg Graphic file (type jpg)
<use ./images/vsauce-eyes.jpg>
Package pdftex.def Info: ./images/vsauce-eyes.jpg  used on input line 24.
(pdftex.def)             Requested size: 13.55003pt x 13.55003pt.

Overfull \hbox (7.2864pt too wide) in paragraph at lines 27--27
[]\OT1/cmr/bx/n/14.4 Do or-gan-isms cre-ate ex-act copies of each other? 
 []


Underfull \hbox (badness 10000) in paragraph at lines 28--31

 []

[1

{/var/lib/texmf/fonts/map/pdftex/updmap/pdftex.map} <./images/vsauce-eyes.jpg>]
File: ./images/vsauce-eyes.jpg Graphic file (type jpg)
<use ./images/vsauce-eyes.jpg>
Package pdftex.def Info: ./images/vsauce-eyes.jpg  used on input line 37.
(pdftex.def)             Requested size: 13.55003pt x 13.55003pt.

Underfull \hbox (badness 10000) in paragraph at lines 44--45

 []

File: ./images/vsauce-eyes.jpg Graphic file (type jpg)
<use ./images/vsauce-eyes.jpg>
Package pdftex.def Info: ./images/vsauce-eyes.jpg  used on input line 54.
(pdftex.def)             Requested size: 13.55003pt x 13.55003pt.
[2]
Overfull \hbox (4.05804pt too wide) in paragraph at lines 72--72
[]\OT1/cmr/bx/n/14.4 Modes of asex-ual re-pro-duc-tions used by single-
 []

<./images/Yeast-Under-Microscope.jpg, id=15, 642.4pt x 480.79625pt>
File: ./images/Yeast-Under-Microscope.jpg Graphic file (type jpg)
<use ./images/Yeast-Under-Microscope.jpg>
Package pdftex.def Info: ./images/Yeast-Under-Microscope.jpg  used on input lin
e 76.
(pdftex.def)             Requested size: 160.59961pt x 120.19876pt.
<./images/bread-mould-fungus.jpg, id=16, 1003.75pt x 669.50125pt>
File: ./images/bread-mould-fungus.jpg Graphic file (type jpg)
<use ./images/bread-mould-fungus.jpg>
Package pdftex.def Info: ./images/bread-mould-fungus.jpg  used on input line 78
.
(pdftex.def)             Requested size: 150.556pt x 100.42085pt.

Underfull \hbox (badness 10000) in paragraph at lines 73--81

 []


Underfull \hbox (badness 10000) in paragraph at lines 73--81

 []


Underfull \hbox (badness 10000) in paragraph at lines 73--81

 []


Underfull \hbox (badness 10000) in paragraph at lines 73--81

 []

[3 <./images/Yeast-Under-Microscope.jpg>]
<./images/Binary-fission-in-amoeba.png, id=21, 603.25375pt x 232.87pt>
File: ./images/Binary-fission-in-amoeba.png Graphic file (type png)
<use ./images/Binary-fission-in-amoeba.png>
Package pdftex.def Info: ./images/Binary-fission-in-amoeba.png  used on input l
ine 91.
(pdftex.def)             Requested size: 301.62613pt x 116.43471pt.
File: ./images/vsauce-eyes.jpg Graphic file (type jpg)
<use ./images/vsauce-eyes.jpg>
Package pdftex.def Info: ./images/vsauce-eyes.jpg  used on input line 94.
(pdftex.def)             Requested size: 13.55003pt x 13.55003pt.
<./images/Leishmania-fission.png, id=23, 823.075pt x 322.20375pt>
File: ./images/Leishmania-fission.png Graphic file (type png)
<use ./images/Leishmania-fission.png>
Package pdftex.def Info: ./images/Leishmania-fission.png  used on input line 96
.
(pdftex.def)             Requested size: 329.22417pt x 128.87921pt.
 [4 <./images/bread-mould-fungus.jpg> <./images/Binary-fission-in-amoeba.png>] 
[5 <./images/Leishmania-fission.png>]
(./How_do_Organisms_Reproduce?.aux) ) 
Here is how much of TeX's memory you used:
 2074 strings out of 483183
 29921 string characters out of 5966292
 265688 words of memory out of 5000000
 17091 multiletter control sequences out of 15000+600000
 537238 words of font info for 40 fonts, out of 8000000 for 9000
 14 hyphenation exceptions out of 8191
 30i,6n,37p,259b,189s stack positions out of 5000i,500n,10000p,200000b,80000s
</usr/share/texlive/texmf-dist/fonts/type1
/public/amsfonts/cm/cmbx10.pfb></usr/share/texlive/texmf-dist/fonts/type1/publi
c/amsfonts/cm/cmbx12.pfb></usr/share/texlive/texmf-dist/fonts/type1/public/amsf
onts/cm/cmr10.pfb></usr/share/texlive/texmf-dist/fonts/type1/public/amsfonts/cm
/cmr12.pfb></usr/share/texlive/texmf-dist/fonts/type1/public/amsfonts/cm/cmr17.
pfb></usr/share/texlive/texmf-dist/fonts/type1/public/amsfonts/cm/cmti10.pfb>
Output written on How_do_Organisms_Reproduce?.pdf (5 pages, 933333 bytes).
PDF statistics:
 52 PDF objects out of 1000 (max. 8388607)
 31 compressed objects within 1 object stream
 0 named destinations out of 1000 (max. 500000)
 26 words of extra memory for PDF output out of 10000 (max. 10000000)

